<?xml version="1.0" encoding="UTF-8"?>
<!-- Generated by org.testng.reporters.JUnitReportReporter -->
<testsuite hostname="WINAP3eq1SBX7Wn" failures="0" tests="1" name="NetBanking.testCases.LoginTest" time="1.140" errors="0" timestamp="2023-12-04T18:36:06 EST" skipped="0">
  <testcase classname="NetBanking.testCases.LoginTest" name="loginTest" time="1.140"/>
  <system-out/>
</testsuite> <!-- NetBanking.testCases.LoginTest -->
