<?xml version="1.0" encoding="UTF-8"?>
<!-- Generated by org.testng.reporters.JUnitReportReporter -->
<testsuite hostname="WINAP3eq1SBX7Wn" failures="0" tests="1" name="NetBanking.testCases.TC001_Login" time="1.734" errors="0" timestamp="2023-12-08T11:00:23 EST" skipped="0">
  <testcase classname="NetBanking.testCases.TC001_Login" name="loginTest" time="1.734"/>
  <system-out/>
</testsuite> <!-- NetBanking.testCases.TC001_Login -->
